<?xml version="1.0" encoding="UTF-8"?>
<!-- Generated by org.testng.reporters.JUnitXMLReporter -->
<testsuite ignored="0" hostname="LAPTOP-RGA3EA68" failures="2" tests="2" name="Test" time="0.065" errors="0" timestamp="2024-01-30T12:48:29 IST">
  <testcase classname="rahulshettyacademy.tests.NewApplication" name="submitOrder" time="0.007">
    <failure type="java.lang.NullPointerException" message="Cannot invoke &amp;quot;rahulshettyacademy.pageObjects.LogInPage.logInActions(String, String)&amp;quot; because &amp;quot;this.loginPage&amp;quot; is null">
      <![CDATA[java.lang.NullPointerException: Cannot invoke "rahulshettyacademy.pageObjects.LogInPage.logInActions(String, String)" because "this.loginPage" is null
at rahulshettyacademy.tests.NewApplication.submitOrder(NewApplication.java:33)
at java.base/java.util.ArrayList.forEach(ArrayList.java:1511)
... Removed 27 stack frames]]>
    </failure>
  </testcase> <!-- submitOrder -->
  <testcase classname="rahulshettyacademy.tests.NewApplication" name="submitOrder" time="0.002">
    <failure type="java.lang.NullPointerException" message="Cannot invoke &amp;quot;rahulshettyacademy.pageObjects.LogInPage.logInActions(String, String)&amp;quot; because &amp;quot;this.loginPage&amp;quot; is null">
      <![CDATA[java.lang.NullPointerException: Cannot invoke "rahulshettyacademy.pageObjects.LogInPage.logInActions(String, String)" because "this.loginPage" is null
at rahulshettyacademy.tests.NewApplication.submitOrder(NewApplication.java:33)
at java.base/java.util.ArrayList.forEach(ArrayList.java:1511)
... Removed 27 stack frames]]>
    </failure>
  </testcase> <!-- submitOrder -->
</testsuite> <!-- Test -->
